<?xml version="1.0" encoding="UTF-8"?>
<!-- Generated by org.testng.reporters.JUnitReportReporter -->
<testsuite hostname="DESKTOP-225NI4Q" failures="0" tests="3" name="automation.testsuite.BTVN_Day8" time="77.439" errors="0" timestamp="2025-10-25T23:19:01 ICT" skipped="0">
  <testcase classname="automation.testsuite.BTVN_Day8" name="getElementbyname_Day8_Bai2" time="69.273"/>
  <testcase classname="automation.testsuite.BTVN_Day8" name="getElementbyId_Day8_Bai2" time="3.903"/>
  <testcase classname="automation.testsuite.BTVN_Day8" name="getElementbyname_Day8_Bai1" time="4.263"/>
</testsuite> <!-- automation.testsuite.BTVN_Day8 -->
