<?xml version="1.0" encoding="UTF-8"?>
<!-- Generated by org.testng.reporters.JUnitReportReporter -->
<testsuite hostname="DESKTOP-225NI4Q" failures="0" tests="1" name="automation.testsuite.SimpleTest" time="0.009" errors="0" timestamp="2025-10-21T15:50:46 ICT" skipped="0">
  <testcase classname="automation.testsuite.SimpleTest" name="testRun" time="0.009"/>
</testsuite> <!-- automation.testsuite.SimpleTest -->
