<?xml version="1.0" encoding="UTF-8"?>
<!-- Generated by org.testng.reporters.JUnitReportReporter -->
<testsuite hostname="DESKTOP-225NI4Q" failures="0" tests="1" name="automation.testsuite.BTVN_Day7" time="8.580" errors="0" timestamp="2025-10-21T17:53:21 ICT" skipped="0">
  <testcase classname="automation.testsuite.BTVN_Day7" name="nhanvien" time="8.580"/>
</testsuite> <!-- automation.testsuite.BTVN_Day7 -->
