<?xml version="1.0" encoding="UTF-8"?>
<!-- Generated by org.testng.reporters.JUnitReportReporter -->
<testsuite hostname="DESKTOP-225NI4Q" failures="0" tests="1" name="automation.testsuite.BTVN_Day8_Bài2" time="4.717" errors="0" timestamp="2025-10-26T00:00:33 ICT" skipped="0">
  <testcase classname="automation.testsuite.BTVN_Day8_Bài2" name="getElementbyname_Day8_Bai2" time="4.717"/>
</testsuite> <!-- automation.testsuite.BTVN_Day8_Bài2 -->
