<?xml version="1.0" encoding="UTF-8"?>
<!-- Generated by org.testng.reporters.JUnitReportReporter -->
<testsuite hostname="DESKTOP-225NI4Q" failures="0" tests="1" name="automation.testsuite.BTVN_Day8_Bài1" time="15.309" errors="0" timestamp="2025-10-25T23:55:18 ICT" skipped="0">
  <testcase classname="automation.testsuite.BTVN_Day8_Bài1" name="getElementbyname_Day8_Bai1" time="15.309"/>
</testsuite> <!-- automation.testsuite.BTVN_Day8_Bài1 -->
