<?xml version="1.0" encoding="UTF-8"?>
<!-- Generated by org.testng.reporters.JUnitReportReporter -->
<testsuite hostname="DESKTOP-225NI4Q" failures="0" tests="1" name="automation.testsuite.Day8_Locator" time="11.120" errors="0" timestamp="2025-10-22T21:25:27 ICT" skipped="0">
  <testcase classname="automation.testsuite.Day8_Locator" name="getElementbyClass_TagName" time="11.120"/>
</testsuite> <!-- automation.testsuite.Day8_Locator -->
