<?xml version="1.0" encoding="UTF-8"?>
<!-- Generated by org.testng.reporters.JUnitReportReporter -->
<testsuite hostname="DESKTOP-225NI4Q" failures="0" tests="1" name="automation.testsuite.Practice" time="9.113" errors="0" timestamp="2025-10-21T16:44:56 ICT" skipped="0">
  <testcase classname="automation.testsuite.Practice" name="tinhTongMang" time="9.113"/>
</testsuite> <!-- automation.testsuite.Practice -->
